#-----------------------------------------------------------
# Vivado v2020.2 (64-bit)
# SW Build 3064766 on Wed Nov 18 09:12:45 MST 2020
# IP Build 3064653 on Wed Nov 18 14:17:31 MST 2020
# Start of session at: Mon Apr 26 15:33:06 2021
# Process ID: 11144
# Current directory: C:/Users/tsope/Documents/GitHub/fpga_real_time_clock/fpga_real_time_clock
# Command line: vivado.exe -gui_launcher_event rodinguilauncherevent12272 C:\Users\tsope\Documents\GitHub\fpga_real_time_clock\fpga_real_time_clock\fpga_real_time_clock.xpr
# Log file: C:/Users/tsope/Documents/GitHub/fpga_real_time_clock/fpga_real_time_clock/vivado.log
# Journal file: C:/Users/tsope/Documents/GitHub/fpga_real_time_clock/fpga_real_time_clock\vivado.jou
#-----------------------------------------------------------
start_gui
open_project C:/Users/tsope/Documents/GitHub/fpga_real_time_clock/fpga_real_time_clock/fpga_real_time_clock.xpr
WARNING: [filemgmt 56-3] Default IP Output Path : Could not find the directory 'C:/Users/tsope/Documents/GitHub/fpga_real_time_clock/fpga_real_time_clock/fpga_real_time_clock.gen/sources_1'.
Scanning sources...
Finished scanning sources
INFO: [IP_Flow 19-234] Refreshing IP repositories
INFO: [IP_Flow 19-1704] No user IP repositories specified
INFO: [IP_Flow 19-2313] Loaded Vivado IP repository 'C:/Xilinx/Vivado/2020.2/data/ip'.
open_project: Time (s): cpu = 00:00:22 ; elapsed = 00:00:07 . Memory (MB): peak = 1016.895 ; gain = 0.000
update_compile_order -fileset sources_1
